Arguments: 
  C:\Program Files\nodejs\node.exe C:\Users\soumi\AppData\Roaming\npm\node_modules\yarn\bin\yarn.js add @material-ui/icons

PATH: 
  C:\Users\soumi\bin;C:\Program Files\Git\mingw64\bin;C:\Program Files\Git\usr\local\bin;C:\Program Files\Git\usr\bin;C:\Program Files\Git\usr\bin;C:\Program Files\Git\mingw64\bin;C:\Program Files\Git\usr\bin;C:\Users\soumi\bin;D:\Bureau\app\oracle\product\11.2.0\server\bin;C:\Program Files\Common Files\Oracle\Java\javapath;C:\Program Files (x86)\Common Files\Oracle\Java\javapath;C:\WINDOWS\system32;C:\WINDOWS;C:\WINDOWS\System32\Wbem;C:\WINDOWS\System32\WindowsPowerShell\v1.0;C:\WINDOWS\System32\OpenSSH;C:\Program Files\dotnet;C:\Program Files\Microsoft SQL Server\130\Tools\Binn;C:\Program Files\Microsoft SQL Server\Client SDK\ODBC\170\Tools\Binn;C:\Program Files (x86)\Microsoft SQL Server\140\Tools\Binn;C:\Program Files\Microsoft SQL Server\140\Tools\Binn;C:\Program Files (x86)\Microsoft SQL Server\140\DTS\Binn;C:\Program Files\Microsoft SQL Server\140\DTS\Binn;C:\Program Files\Microsoft SQL Server\Client SDK\ODBC\130\Tools\Binn;C:\Program Files\Azure Data Studio\bin;C:\ProgramData\DockerDesktop\version-bin;C:\ProgramData\chocolatey\bin;C:\Users\soumi\AppData\Local\Programs\Python\Python310;C:\Users\soumi\AppData\Local\Programs\Python\Python310\Scripts;C:\Program Files (x86)\dotnet;C:\Program Files\Git\cmd;C:\Program Files (x86)\eSpeak\command_line;C:\Gradle\gradle-8.4\bin;C:\kafka\bin;C:\php;C:\Users\soumi\AppData\Roaming\nvm;C:\Program Files\nodejs;C:\Users\soumi\AppData\Roaming\nvm;C:\Users\soumi\AppData\Local\Microsoft\WindowsApps;C:\Users\soumi\AppData\Local\Programs\Microsoft VS Code\bin;C:\Users\soumi\.dotnet\tools;C:\Program Files\Azure Data Studio\bin;C:\Program Files\JetBrains\IntelliJ IDEA 2021.3\bin;C:\Users\soumi\AppData\Roaming\Python\Python310\site-packages;C:\Users\soumi\AppData\Roaming\Python\Python310\scripts;C:\Users\soumi\AppData\Roaming\Python\Python310;C:\Users\soumi\AppData\Local\ComposerSetup\bin;C:\Users\soumi\AppData\Roaming\Composer\vendor\bin;C:\ProgramData\DELL\GitHubDesktop\bin;C:\Program Files (x86)\eSpeak\command_line;C:\Users\soumi\AppData\Roaming\npm;C:\Users\soumi\AppData\Local\GitHubDesktop\bin;C:\Gradle\gradle-8.4\bin;C:\php;C:\Users\soumi\AppData\Roaming\nvm;C:\Program Files\nodejs;C:\Users\soumi\AppData\Roaming\nvm;C:\Program Files\Git\usr\bin\vendor_perl;C:\Program Files\Git\usr\bin\core_perl

Yarn version: 
  1.22.19

Node version: 
  21.7.0

Platform: 
  win32 x64

Trace: 
  Error: https://registry.yarnpkg.com/@material-ui/icons/-/icons-4.11.3.tgz: ESOCKETTIMEDOUT
      at ClientRequest.<anonymous> (C:\Users\soumi\AppData\Roaming\npm\node_modules\yarn\lib\cli.js:141517:19)
      at Object.onceWrapper (node:events:633:28)
      at ClientRequest.emit (node:events:519:28)
      at TLSSocket.emitRequestTimeout (node:_http_client:845:9)
      at Object.onceWrapper (node:events:633:28)
      at TLSSocket.emit (node:events:531:35)
      at Socket._onTimeout (node:net:589:8)
      at listOnTimeout (node:internal/timers:573:17)
      at process.processTimers (node:internal/timers:514:7)

npm manifest: 
  {
    "name": "portfolio-website",
    "version": "0.1.0",
    "private": true,
    "scripts": {
      "dev": "next dev",
      "build": "next build",
      "start": "next start",
      "lint": "next lint"
    },
    "dependencies": {
      "@fortawesome/fontawesome-svg-core": "^6.5.1",
      "@fortawesome/free-brands-svg-icons": "^6.5.1",
      "@heroicons/react": "^2.0.18",
      "autoprefixer": "10.4.15",
      "eslint": "8.47.0",
      "eslint-config-next": "13.4.15",
      "framer-motion": "^10.16.1",
      "next": "13.4.15",
      "postcss": "8.4.27",
      "react": "18.2.0",
      "react-animated-numbers": "^0.16.0",
      "react-dom": "18.2.0",
      "react-type-animation": "^3.1.0",
      "resend": "^1.0.0",
      "tailwindcss": "3.3.3"
    }
  }

yarn manifest: 
  No manifest

Lockfile: 
  No lockfile
